<?xml version="1.0" encoding="UTF-8"?>
<testng-results ignored="0" total="2" passed="2" failed="0" skipped="0">
  <reporter-output>
  </reporter-output>
  <suite started-at="2022-09-01T15:02:20 IST" name="Default suite" finished-at="2022-09-01T15:08:52 IST" duration-ms="392690">
    <groups>
    </groups>
    <test started-at="2022-09-01T15:02:20 IST" name="Default test" finished-at="2022-09-01T15:08:52 IST" duration-ms="392690">
      <class name="testcases.CompanySetupTest">
        <test-method is-config="true" signature="setUp()[pri:0, instance:testcases.CompanySetupTest@1817d444]" started-at="2022-09-01T15:02:20 IST" name="setUp" finished-at="2022-09-01T15:02:33 IST" duration-ms="13193" status="PASS">
          <reporter-output>
          </reporter-output>
        </test-method> <!-- setUp -->
        <test-method is-config="true" signature="beforeMethod(java.lang.reflect.Method)[pri:0, instance:testcases.CompanySetupTest@1817d444]" started-at="2022-09-01T15:02:33 IST" name="beforeMethod" finished-at="2022-09-01T15:02:33 IST" duration-ms="184" status="PASS">
          <params>
            <param index="0">
              <value>
                <![CDATA[public void testcases.CompanySetupTest.ValidationCheck()]]>
              </value>
            </param>
          </params>
          <reporter-output>
          </reporter-output>
        </test-method> <!-- beforeMethod -->
        <test-method signature="ValidationCheck()[pri:1, instance:testcases.CompanySetupTest@1817d444]" started-at="2022-09-01T15:02:33 IST" name="ValidationCheck" finished-at="2022-09-01T15:05:20 IST" duration-ms="167034" status="PASS">
          <reporter-output>
          </reporter-output>
        </test-method> <!-- ValidationCheck -->
        <test-method is-config="true" signature="reportWrapUp(org.testng.ITestResult,java.lang.reflect.Method)[pri:0, instance:testcases.CompanySetupTest@1817d444]" started-at="2022-09-01T15:05:20 IST" name="reportWrapUp" finished-at="2022-09-01T15:05:20 IST" duration-ms="4" status="PASS">
          <params>
            <param index="0">
              <value>
                <![CDATA[[TestResult name=ValidationCheck status=SUCCESS method=CompanySetupTest.ValidationCheck()[pri:1, instance:testcases.CompanySetupTest@1817d444] output={null}]]]>
              </value>
            </param>
            <param index="1">
              <value>
                <![CDATA[public void testcases.CompanySetupTest.ValidationCheck()]]>
              </value>
            </param>
          </params>
          <reporter-output>
          </reporter-output>
        </test-method> <!-- reportWrapUp -->
        <test-method is-config="true" signature="beforeMethod(java.lang.reflect.Method)[pri:0, instance:testcases.CompanySetupTest@1817d444]" started-at="2022-09-01T15:05:20 IST" name="beforeMethod" finished-at="2022-09-01T15:05:20 IST" duration-ms="1" status="PASS">
          <params>
            <param index="0">
              <value>
                <![CDATA[public void testcases.CompanySetupTest.addUser() throws java.text.ParseException]]>
              </value>
            </param>
          </params>
          <reporter-output>
          </reporter-output>
        </test-method> <!-- beforeMethod -->
        <test-method signature="addUser()[pri:2, instance:testcases.CompanySetupTest@1817d444]" started-at="2022-09-01T15:05:20 IST" name="addUser" finished-at="2022-09-01T15:08:52 IST" duration-ms="212215" status="PASS">
          <reporter-output>
          </reporter-output>
        </test-method> <!-- addUser -->
        <test-method is-config="true" signature="reportWrapUp(org.testng.ITestResult,java.lang.reflect.Method)[pri:0, instance:testcases.CompanySetupTest@1817d444]" started-at="2022-09-01T15:08:52 IST" name="reportWrapUp" finished-at="2022-09-01T15:08:52 IST" duration-ms="1" status="PASS">
          <params>
            <param index="0">
              <value>
                <![CDATA[[TestResult name=addUser status=SUCCESS method=CompanySetupTest.addUser()[pri:2, instance:testcases.CompanySetupTest@1817d444] output={null}]]]>
              </value>
            </param>
            <param index="1">
              <value>
                <![CDATA[public void testcases.CompanySetupTest.addUser() throws java.text.ParseException]]>
              </value>
            </param>
          </params>
          <reporter-output>
          </reporter-output>
        </test-method> <!-- reportWrapUp -->
        <test-method is-config="true" signature="close()[pri:0, instance:testcases.CompanySetupTest@1817d444]" started-at="2022-09-01T15:08:52 IST" name="close" finished-at="2022-09-01T15:08:53 IST" duration-ms="550" status="PASS">
          <reporter-output>
          </reporter-output>
        </test-method> <!-- close -->
      </class> <!-- testcases.CompanySetupTest -->
    </test> <!-- Default test -->
  </suite> <!-- Default suite -->
</testng-results>
