<?xml version="1.0" encoding="UTF-8"?>
<testng-results ignored="0" total="1" passed="1" failed="0" skipped="0">
  <reporter-output>
  </reporter-output>
  <suite started-at="2022-12-12T16:51:31 IST" name="Default suite" finished-at="2022-12-12T16:53:46 IST" duration-ms="135535">
    <groups>
    </groups>
    <test started-at="2022-12-12T16:51:31 IST" name="Default test" finished-at="2022-12-12T16:53:46 IST" duration-ms="135535">
      <class name="testcases.PerformanceReviewTest">
        <test-method is-config="true" signature="setUp()[pri:0, instance:testcases.PerformanceReviewTest@50a638b5]" started-at="2022-12-12T16:51:31 IST" name="setUp" finished-at="2022-12-12T16:51:45 IST" duration-ms="14129" status="PASS">
          <reporter-output>
          </reporter-output>
        </test-method> <!-- setUp -->
        <test-method is-config="true" signature="beforeMethod(java.lang.reflect.Method)[pri:0, instance:testcases.PerformanceReviewTest@50a638b5]" started-at="2022-12-12T16:51:45 IST" name="beforeMethod" finished-at="2022-12-12T16:51:45 IST" duration-ms="178" status="PASS">
          <params>
            <param index="0">
              <value>
                <![CDATA[public void testcases.PerformanceReviewTest.addReview() throws java.text.ParseException]]>
              </value>
            </param>
          </params>
          <reporter-output>
          </reporter-output>
        </test-method> <!-- beforeMethod -->
        <test-method signature="addReview()[pri:0, instance:testcases.PerformanceReviewTest@50a638b5]" started-at="2022-12-12T16:51:45 IST" name="addReview" finished-at="2022-12-12T16:53:46 IST" duration-ms="121140" status="PASS">
          <reporter-output>
          </reporter-output>
        </test-method> <!-- addReview -->
        <test-method is-config="true" signature="reportWrapUp(org.testng.ITestResult,java.lang.reflect.Method)[pri:0, instance:testcases.PerformanceReviewTest@50a638b5]" started-at="2022-12-12T16:53:46 IST" name="reportWrapUp" finished-at="2022-12-12T16:53:46 IST" duration-ms="3" status="PASS">
          <params>
            <param index="0">
              <value>
                <![CDATA[[TestResult name=addReview status=SUCCESS method=PerformanceReviewTest.addReview()[pri:0, instance:testcases.PerformanceReviewTest@50a638b5] output={null}]]]>
              </value>
            </param>
            <param index="1">
              <value>
                <![CDATA[public void testcases.PerformanceReviewTest.addReview() throws java.text.ParseException]]>
              </value>
            </param>
          </params>
          <reporter-output>
          </reporter-output>
        </test-method> <!-- reportWrapUp -->
        <test-method is-config="true" signature="close()[pri:0, instance:testcases.PerformanceReviewTest@50a638b5]" started-at="2022-12-12T16:53:46 IST" name="close" finished-at="2022-12-12T16:53:47 IST" duration-ms="489" status="PASS">
          <reporter-output>
          </reporter-output>
        </test-method> <!-- close -->
      </class> <!-- testcases.PerformanceReviewTest -->
    </test> <!-- Default test -->
  </suite> <!-- Default suite -->
</testng-results>
